<?xml version="1.0" encoding="UTF-8"?>
<!-- Generated by org.testng.reporters.JUnitReportReporter -->
<testsuite skipped="0" hostname="DESKTOP-9FV66OH" name="testcases.LoginTestCase" tests="1" failures="0" timestamp="2020-03-31T17:19:51 IST" time="20.243" errors="0">
  <testcase name="login" time="20.243" classname="testcases.LoginTestCase"/>
</testsuite> <!-- testcases.LoginTestCase -->
